<?xml version="1.0" encoding="UTF-8"?>
<!-- Generated by org.testng.reporters.JUnitReportReporter -->
<testsuite hostname="DESKTOP-6KQKOPN" name="com.lowes.test.createaccount.errormessages.CreateAccountErrorMessageTest2" tests="2" failures="0" timestamp="16 Aug 2020 01:06:39 GMT" time="3.171" errors="0">
  <testcase name="missingRequiredField" time="1.393" classname="com.lowes.test.createaccount.errormessages.CreateAccountErrorMessageTest2"/>
  <testcase name="missingRequiredField" time="1.778" classname="com.lowes.test.createaccount.errormessages.CreateAccountErrorMessageTest2"/>
</testsuite> <!-- com.lowes.test.createaccount.errormessages.CreateAccountErrorMessageTest2 -->
