<?xml version="1.0" encoding="UTF-8"?>
<!-- Generated by org.testng.reporters.JUnitReportReporter -->
<testsuite hostname="DESKTOP-6KQKOPN" name="com.lowes.test.createaccount.CreateAccountErrorMessageTest2" tests="2" failures="0" timestamp="12 May 2022 01:20:55 GMT" time="4.744" errors="0">
  <testcase name="missingRequiredField" time="1.917" classname="com.lowes.test.createaccount.CreateAccountErrorMessageTest2"/>
  <testcase name="missingRequiredField" time="2.827" classname="com.lowes.test.createaccount.CreateAccountErrorMessageTest2"/>
</testsuite> <!-- com.lowes.test.createaccount.CreateAccountErrorMessageTest2 -->
